#
# A fatal error has been detected by the Java Runtime Environment:
#
#  SIGSEGV (0xb) at pc=0x000000010413337c, pid=1679, tid=18179
#
# JRE version: Java(TM) SE Runtime Environment (7.0_51-b13) (build 1.7.0_51-b13)
# Java VM: Java HotSpot(TM) 64-Bit Server VM (24.51-b03 mixed mode bsd-amd64 compressed oops)
# Problematic frame:
# V  [libjvm.dylib+0x33337c]  jvmti_IsMethodSynthetic+0xb9
#
# Failed to write core dump. Core dumps have been disabled. To enable core dumping, try "ulimit -c unlimited" before starting Java again
#
# If you would like to submit a bug report, please visit:
#   http://bugreport.sun.com/bugreport/crash.jsp
#

---------------  T H R E A D  ---------------

Current thread (0x00007fa893824800):  JavaThread "JDWP Transport Listener: dt_socket" daemon [_thread_in_vm, id=18179, stack(0x000000010e2df000,0x000000010e3df000)]

siginfo:si_signo=SIGSEGV: si_errno=0, si_code=0 (SEGV0), si_addr=0x0000000000000000

Registers:
RAX=0x0000000000000001, RBX=0x000000010e3dea8b, RCX=0x00000000000fc080, RDX=0x000000010e3dea8b
RSP=0x000000010e3de9f0, RBP=0x000000010e3dea40, RSI=0x00007fa893824800, RDI=0x00007fa892f021a0
R8 =0x00007fa892fa9ee0, R9 =0x00007fa892fa9a80, R10=0x000000005793a890, R11=0x000000000b10be1e
R12=0x00007fa893824800, R13=0x76616a4c3b746365, R14=0x76616a4c3b746365, R15=0x00007fa892f021a0
RIP=0x000000010413337c, EFLAGS=0x0000000000010206, ERR=0x0000000000000000
  TRAPNO=0x000000000000000d

Top of Stack: (sp=0x000000010e3de9f0)
0x000000010e3de9f0:   00007fa893824800 0000000000000000
0x000000010e3dea00:   0000000000000000 0000000000000000
0x000000010e3dea10:   00007fa893824800 00007fa893824800
0x000000010e3dea20:   000000010e3dea8b 000000010e3dea90
0x000000010e3dea30:   76616a4c3b746365 000000000000000c
0x000000010e3dea40:   000000010e3dea60 00000001035921f8
0x000000010e3dea50:   0000000000000001 000000010e3deb08
0x000000010e3dea60:   000000010e3dead0 000000010357702b
0x000000010e3dea70:   000000010e3deaa0 00007fa892faac90
0x000000010e3dea80:   0000000d00000032 f0001008013deb08
0x000000010e3dea90:   0000000000000000 0000000000000000
0x000000010e3deaa0:   0000000000000000 000000010e3dec90
0x000000010e3deab0:   0000000103599dc0 00007fa892f9e5a0
0x000000010e3deac0:   000000010e3deb08 00000001035a5578
0x000000010e3dead0:   000000010e3deae0 0000000103577124
0x000000010e3deae0:   000000010e3ded00 00000001035806b2
0x000000010e3deaf0:   0000152f00000013 00000000000f0200
0x000000010e3deb00:   00007fa892faa010 00007fa892faaf92
0x000000010e3deb10:   00007fa800000036 00007fa892f8ae60
0x000000010e3deb20:   00007fa80000012c 000000010e3deb58
0x000000010e3deb30:   00007fa892f8ae60 00007f0000000000
0x000000010e3deb40:   0000152f0000001c 00007fff0000fe80
0x000000010e3deb50:   000000010e3deb58 a87f00000d000000
0x000000010e3deb60:   06000000789ef092 00003e74696e693c
0x000000010e3deb70:   0000005629280300 7f00000100000000
0x000000010e3deb80:   00000020e1e792a8 4d6574616572630d
0x000000010e3deb90:   0000726142756e65 76616a4c29281800
0x000000010e3deba0:   676e6977732f7861 6142756e654d4a2f
0x000000010e3debb0:   0000000000003b72 f092a87f00000a00
0x000000010e3debc0:   73691a000000889e 7069636552646441
0x000000010e3debd0:   506e656572635365 6465746e65736572
0x000000010e3debe0:   005a292803000000 0001000000000000 

Instructions: (pc=0x000000010413337c)
0x000000010413335c:   00 00 00 41 f6 87 68 01 00 00 10 75 07 b8 63 00
0x000000010413336c:   00 00 eb 7a 4d 85 f6 75 07 b8 17 00 00 00 eb 6e
0x000000010413337c:   4d 8b 36 48 b8 fe fe fe fe fe fe fe fe 49 39 c6
0x000000010413338c:   74 e7 4d 85 f6 74 e2 48 8d 05 f6 f8 4c 00 80 38 

Register to memory mapping:

RAX=0x0000000000000001 is an unknown value
RBX=0x000000010e3dea8b is pointing into the stack for thread: 0x00007fa893824800
RCX=0x00000000000fc080 is an unknown value
RDX=0x000000010e3dea8b is pointing into the stack for thread: 0x00007fa893824800
RSP=0x000000010e3de9f0 is pointing into the stack for thread: 0x00007fa893824800
RBP=0x000000010e3dea40 is pointing into the stack for thread: 0x00007fa893824800
RSI=0x00007fa893824800 is a thread
RDI=0x00007fa892f021a0 is an unknown value
R8 =0x00007fa892fa9ee0 is an unknown value
R9 =0x00007fa892fa9a80 is an unknown value
R10=0x000000005793a890 is an unknown value
R11=0x000000000b10be1e is an unknown value
R12=0x00007fa893824800 is a thread
R13=0x76616a4c3b746365 is an unknown value
R14=0x76616a4c3b746365 is an unknown value
R15=0x00007fa892f021a0 is an unknown value


Stack: [0x000000010e2df000,0x000000010e3df000],  sp=0x000000010e3de9f0,  free space=1022k
Native frames: (J=compiled Java code, j=interpreted, Vv=VM code, C=native code)
V  [libjvm.dylib+0x33337c]  jvmti_IsMethodSynthetic+0xb9
C  [libjdwp.dylib+0x201f8]  isMethodSynthetic+0x63
C  [libjdwp.dylib+0x502b]  methods1+0x10b
C  [libjdwp.dylib+0x5124]  methodsWithGeneric+0xe
C  [libjdwp.dylib+0xe6b2]  debugLoop_run+0x1ce
C  [libjdwp.dylib+0x1f132]  attachThread+0x4d
V  [libjvm.dylib+0x373f9e]  JvmtiAgentThread::call_start_function()+0x38
V  [libjvm.dylib+0x4efb57]  JavaThread::thread_main_inner()+0x9b
V  [libjvm.dylib+0x4f125f]  JavaThread::run()+0x1a3
V  [libjvm.dylib+0x41b1d6]  java_start(Thread*)+0x126
C  [libsystem_pthread.dylib+0x1899]  _pthread_body+0x8a
C  [libsystem_pthread.dylib+0x172a]  _pthread_struct_init+0x0
C  [libsystem_pthread.dylib+0x5fc9]  thread_start+0xd


---------------  P R O C E S S  ---------------

Java Threads: ( => current thread )
  0x00007fa893074000 JavaThread "TimerQueue" daemon [_thread_blocked, id=57919, stack(0x0000000116cb8000,0x0000000116db8000)]
  0x00007fa8930a8000 JavaThread "Java2D Disposer" daemon [_thread_blocked, id=50227, stack(0x0000000113bad000,0x0000000113cad000)]
  0x00007fa89407e000 JavaThread "Java2D Queue Flusher" daemon [_thread_blocked, id=48903, stack(0x0000000112e6b000,0x0000000112f6b000)]
  0x00007fa894871800 JavaThread "DestroyJavaVM" [_thread_blocked, id=6403, stack(0x0000000103432000,0x0000000103532000)]
  0x00007fa893096800 JavaThread "AWT-EventQueue-0" [_thread_blocked, id=47363, stack(0x0000000112d68000,0x0000000112e68000)]
  0x00007fa8938ae800 JavaThread "AWT-Shutdown" [_thread_blocked, id=29707, stack(0x000000011044f000,0x000000011054f000)]
  0x00007fa894864800 JavaThread "AppKit Thread" daemon [_thread_in_native, id=1287, stack(0x00007fff5c863000,0x00007fff5c8e3000)]
  0x00007fa893058000 JavaThread "Service Thread" daemon [_thread_blocked, id=20739, stack(0x000000010e7ee000,0x000000010e8ee000)]
  0x00007fa893831000 JavaThread "C2 CompilerThread1" daemon [_thread_blocked, id=20227, stack(0x000000010e6eb000,0x000000010e7eb000)]
  0x00007fa893825800 JavaThread "C2 CompilerThread0" daemon [_thread_blocked, id=19715, stack(0x000000010e5e8000,0x000000010e6e8000)]
  0x00007fa894011800 JavaThread "JDWP Command Reader" daemon [_thread_in_native, id=19203, stack(0x000000010e4e5000,0x000000010e5e5000)]
  0x00007fa893016800 JavaThread "JDWP Event Helper Thread" daemon [_thread_blocked, id=18691, stack(0x000000010e3e2000,0x000000010e4e2000)]
=>0x00007fa893824800 JavaThread "JDWP Transport Listener: dt_socket" daemon [_thread_in_vm, id=18179, stack(0x000000010e2df000,0x000000010e3df000)]
  0x00007fa893808000 JavaThread "Signal Dispatcher" daemon [_thread_blocked, id=17667, stack(0x000000010e1d6000,0x000000010e2d6000)]
  0x00007fa89400d800 JavaThread "Finalizer" daemon [_thread_blocked, id=12547, stack(0x000000010df94000,0x000000010e094000)]
  0x00007fa89400b000 JavaThread "Reference Handler" daemon [_thread_blocked, id=12035, stack(0x000000010de91000,0x000000010df91000)]

Other Threads:
  0x00007fa89400a000 VMThread [stack: 0x000000010dd8e000,0x000000010de8e000] [id=11523]
  0x00007fa893059000 WatcherThread [stack: 0x000000010e8f1000,0x000000010e9f1000] [id=21251]

VM state:not at safepoint (normal execution)

VM Mutex/Monitor currently owned by a thread: None

Heap
 PSYoungGen      total 38912K, used 15177K [0x00000007d5500000, 0x00000007d8000000, 0x0000000800000000)
  eden space 33792K, 44% used [0x00000007d5500000,0x00000007d63d2420,0x00000007d7600000)
  from space 5120K, 0% used [0x00000007d7b00000,0x00000007d7b00000,0x00000007d8000000)
  to   space 5120K, 0% used [0x00000007d7600000,0x00000007d7600000,0x00000007d7b00000)
 ParOldGen       total 87040K, used 0K [0x0000000780000000, 0x0000000785500000, 0x00000007d5500000)
  object space 87040K, 0% used [0x0000000780000000,0x0000000780000000,0x0000000785500000)
 PSPermGen       total 21504K, used 12853K [0x000000077ae00000, 0x000000077c300000, 0x0000000780000000)
  object space 21504K, 59% used [0x000000077ae00000,0x000000077ba8d420,0x000000077c300000)

Card table byte_map: [0x0000000107913000,0x0000000107d3d000] byte_map_base: 0x0000000103d3c000

Polling page: 0x0000000103571000

Code Cache  [0x0000000104853000, 0x0000000104ac3000, 0x0000000107853000)
 total_blobs=503 nmethods=48 adapters=417 free_code_cache=48526Kb largest_free_block=49669056

Compilation events (10 events):
Event: 454.802 Thread 0x00007fa893831000   44             java.util.concurrent.locks.AbstractQueuedSynchronizer::setState (6 bytes)
Event: 454.802 Thread 0x00007fa893831000 nmethod 44 0x00000001048eff10 code [0x00000001048f0040, 0x00000001048f0098]
Event: 477.271 Thread 0x00007fa893825800   45             java.util.concurrent.locks.AbstractQueuedSynchronizer::compareAndSetState (13 bytes)
Event: 477.272 Thread 0x00007fa893825800 nmethod 45 0x00000001048efd10 code [0x00000001048efe40, 0x00000001048efeb8]
Event: 489.643 Thread 0x00007fa893831000   46             java.util.concurrent.locks.AbstractQueuedSynchronizer::release (33 bytes)
Event: 489.644 Thread 0x00007fa893831000 nmethod 46 0x00000001048ef950 code [0x00000001048efaa0, 0x00000001048efbe8]
Event: 529.286 Thread 0x00007fa893825800   47             java.util.concurrent.locks.ReentrantLock::unlock (10 bytes)
Event: 529.287 Thread 0x00007fa893825800 nmethod 47 0x00000001048ef550 code [0x00000001048ef6a0, 0x00000001048ef7e8]
Event: 803.711 Thread 0x00007fa893831000   48             java.util.concurrent.locks.ReentrantLock$Sync::nonfairTryAcquire (67 bytes)
Event: 803.711 Thread 0x00007fa893831000 nmethod 48 0x00000001048ef250 code [0x00000001048ef380, 0x00000001048ef478]

GC Heap History (0 events):
No events

Deoptimization events (4 events):
Event: 0.843 Thread 0x00007fa893096800 Uncommon trap: reason=class_check action=maybe_recompile pc=0x00000001048c9ba8 method=java.lang.String.equals(Ljava/lang/Object;)Z @ 8
Event: 0.843 Thread 0x00007fa893096800 Uncommon trap: reason=class_check action=maybe_recompile pc=0x00000001048c9ba8 method=java.lang.String.equals(Ljava/lang/Object;)Z @ 8
Event: 0.843 Thread 0x00007fa893096800 Uncommon trap: reason=class_check action=maybe_recompile pc=0x00000001048c9ba8 method=java.lang.String.equals(Ljava/lang/Object;)Z @ 8
Event: 0.843 Thread 0x00007fa893096800 Uncommon trap: reason=class_check action=maybe_recompile pc=0x00000001048c9ba8 method=java.lang.String.equals(Ljava/lang/Object;)Z @ 8

Internal exceptions (10 events):
Event: 0.473 Thread 0x00007fa893096800 Threw 0x00000007d5d61318 at /HUDSON/workspace/7u-2-build-macosx-x86_64/jdk7u51/527/hotspot/src/share/vm/prims/jvm.cpp:1244
Event: 0.474 Thread 0x00007fa893096800 Threw 0x00000007d5d65968 at /HUDSON/workspace/7u-2-build-macosx-x86_64/jdk7u51/527/hotspot/src/share/vm/prims/jvm.cpp:1244
Event: 0.474 Thread 0x00007fa893096800 Threw 0x00000007d5d6a208 at /HUDSON/workspace/7u-2-build-macosx-x86_64/jdk7u51/527/hotspot/src/share/vm/prims/jvm.cpp:1244
Event: 0.548 Thread 0x00007fa893096800 Threw 0x00000007d5d76a70 at /HUDSON/workspace/7u-2-build-macosx-x86_64/jdk7u51/527/hotspot/src/share/vm/prims/jvm.cpp:1244
Event: 0.549 Thread 0x00007fa893096800 Threw 0x00000007d5d83b80 at /HUDSON/workspace/7u-2-build-macosx-x86_64/jdk7u51/527/hotspot/src/share/vm/prims/jvm.cpp:1244
Event: 0.553 Thread 0x00007fa893096800 Threw 0x00000007d5d98508 at /HUDSON/workspace/7u-2-build-macosx-x86_64/jdk7u51/527/hotspot/src/share/vm/prims/jvm.cpp:1244
Event: 0.553 Thread 0x00007fa893096800 Threw 0x00000007d5d9d4b0 at /HUDSON/workspace/7u-2-build-macosx-x86_64/jdk7u51/527/hotspot/src/share/vm/prims/jvm.cpp:1244
Event: 0.553 Thread 0x00007fa893096800 Threw 0x00000007d5da58b8 at /HUDSON/workspace/7u-2-build-macosx-x86_64/jdk7u51/527/hotspot/src/share/vm/prims/jvm.cpp:1244
Event: 0.554 Thread 0x00007fa893096800 Threw 0x00000007d5daab80 at /HUDSON/workspace/7u-2-build-macosx-x86_64/jdk7u51/527/hotspot/src/share/vm/prims/jvm.cpp:1244
Event: 0.808 Thread 0x00007fa893096800 Threw 0x00000007d603ab28 at /HUDSON/workspace/7u-2-build-macosx-x86_64/jdk7u51/527/hotspot/src/share/vm/prims/jvm.cpp:1244

Events (10 events):
Event: 668.304 Executing VM operation: ChangeBreakpoints
Event: 668.304 Executing VM operation: ChangeBreakpoints done
Event: 668.320 Executing VM operation: ChangeBreakpoints
Event: 668.320 Executing VM operation: ChangeBreakpoints done
Event: 686.328 Executing VM operation: RedefineClasses
Event: 686.329 Executing VM operation: RedefineClasses done
Event: 686.334 Executing VM operation: ChangeBreakpoints
Event: 686.334 Executing VM operation: ChangeBreakpoints done
Event: 830.091 Executing VM operation: RedefineClasses
Event: 830.092 Executing VM operation: RedefineClasses done


Dynamic libraries:
0x00000000091d6000 	/System/Library/Frameworks/Cocoa.framework/Versions/A/Cocoa
0x00000000091d6000 	/System/Library/Frameworks/Security.framework/Versions/A/Security
0x00000000091d6000 	/System/Library/Frameworks/ApplicationServices.framework/Versions/A/ApplicationServices
0x00000000091d6000 	/usr/lib/libz.1.dylib
0x00000000091d6000 	/usr/lib/libSystem.B.dylib
0x00000000091d6000 	/usr/lib/libobjc.A.dylib
0x00000000091d6000 	/System/Library/Frameworks/CoreFoundation.framework/Versions/A/CoreFoundation
0x00000000091d6000 	/System/Library/Frameworks/Foundation.framework/Versions/C/Foundation
0x00000000091d6000 	/System/Library/Frameworks/AppKit.framework/Versions/C/AppKit
0x00000000091d6000 	/System/Library/Frameworks/CoreData.framework/Versions/A/CoreData
0x00000000091d6000 	/System/Library/PrivateFrameworks/RemoteViewServices.framework/Versions/A/RemoteViewServices
0x00000000091d6000 	/System/Library/Frameworks/AudioToolbox.framework/Versions/A/AudioToolbox
0x00000000091d6000 	/System/Library/Frameworks/AudioUnit.framework/Versions/A/AudioUnit
0x00000000091d6000 	/System/Library/PrivateFrameworks/DataDetectorsCore.framework/Versions/A/DataDetectorsCore
0x00000000091d6000 	/System/Library/PrivateFrameworks/DesktopServicesPriv.framework/Versions/A/DesktopServicesPriv
0x00000000091d6000 	/System/Library/Frameworks/Carbon.framework/Versions/A/Frameworks/HIToolbox.framework/Versions/A/HIToolbox
0x00000000091d6000 	/System/Library/Frameworks/QuartzCore.framework/Versions/A/QuartzCore
0x00000000091d6000 	/System/Library/Frameworks/Carbon.framework/Versions/A/Frameworks/SpeechRecognition.framework/Versions/A/SpeechRecognition
0x00000000091d6000 	/usr/lib/libauto.dylib
0x00000000091d6000 	/usr/lib/libicucore.A.dylib
0x00000000091d6000 	/usr/lib/libxml2.2.dylib
0x00000000091d6000 	/System/Library/PrivateFrameworks/CoreUI.framework/Versions/A/CoreUI
0x00000000091d6000 	/System/Library/Frameworks/CoreAudio.framework/Versions/A/CoreAudio
0x00000000091d6000 	/System/Library/Frameworks/DiskArbitration.framework/Versions/A/DiskArbitration
0x00000000091d6000 	/usr/lib/liblangid.dylib
0x00000000091d6000 	/System/Library/PrivateFrameworks/MultitouchSupport.framework/Versions/A/MultitouchSupport
0x00000000091d6000 	/System/Library/Frameworks/IOKit.framework/Versions/A/IOKit
0x00000000091d6000 	/usr/lib/libDiagnosticMessagesClient.dylib
0x00000000091d6000 	/System/Library/Frameworks/CoreServices.framework/Versions/A/CoreServices
0x00000000091d6000 	/System/Library/PrivateFrameworks/PerformanceAnalysis.framework/Versions/A/PerformanceAnalysis
0x00000000091d6000 	/System/Library/PrivateFrameworks/GenerationalStorage.framework/Versions/A/GenerationalStorage
0x00000000091d6000 	/System/Library/Frameworks/OpenGL.framework/Versions/A/OpenGL
0x00000000091d6000 	/System/Library/PrivateFrameworks/Sharing.framework/Versions/A/Sharing
0x00000000091d6000 	/System/Library/Frameworks/ImageIO.framework/Versions/A/ImageIO
0x00000000091d6000 	/System/Library/Frameworks/CoreText.framework/Versions/A/CoreText
0x00000000091d6000 	/System/Library/Frameworks/CoreGraphics.framework/Versions/A/CoreGraphics
0x00000000091d6000 	/System/Library/PrivateFrameworks/Backup.framework/Versions/A/Backup
0x00000000091d6000 	/System/Library/Frameworks/CFNetwork.framework/Versions/A/CFNetwork
0x00000000091d6000 	/System/Library/Frameworks/SystemConfiguration.framework/Versions/A/SystemConfiguration
0x00000000091d6000 	/usr/lib/libCRFSuite.dylib
0x00000000091d6000 	/usr/lib/libc++.1.dylib
0x00000000091d6000 	/usr/lib/libc++abi.dylib
0x00000000091d6000 	/usr/lib/system/libcache.dylib
0x00000000091d6000 	/usr/lib/system/libcommonCrypto.dylib
0x00000000091d6000 	/usr/lib/system/libcompiler_rt.dylib
0x00000000091d6000 	/usr/lib/system/libcopyfile.dylib
0x00000000091d6000 	/usr/lib/system/libcorecrypto.dylib
0x00000000091d6000 	/usr/lib/system/libdispatch.dylib
0x00000000091d6000 	/usr/lib/system/libdyld.dylib
0x00000000091d6000 	/usr/lib/system/libkeymgr.dylib
0x00000000091d6000 	/usr/lib/system/liblaunch.dylib
0x00000000091d6000 	/usr/lib/system/libmacho.dylib
0x00000000091d6000 	/usr/lib/system/libquarantine.dylib
0x00000000091d6000 	/usr/lib/system/libremovefile.dylib
0x00000000091d6000 	/usr/lib/system/libsystem_asl.dylib
0x00000000091d6000 	/usr/lib/system/libsystem_blocks.dylib
0x00000000091d6000 	/usr/lib/system/libsystem_c.dylib
0x00000000091d6000 	/usr/lib/system/libsystem_configuration.dylib
0x00000000091d6000 	/usr/lib/system/libsystem_dnssd.dylib
0x00000000091d6000 	/usr/lib/system/libsystem_info.dylib
0x00000000091d6000 	/usr/lib/system/libsystem_kernel.dylib
0x00000000091d6000 	/usr/lib/system/libsystem_m.dylib
0x00000000091d6000 	/usr/lib/system/libsystem_malloc.dylib
0x00000000091d6000 	/usr/lib/system/libsystem_network.dylib
0x00000000091d6000 	/usr/lib/system/libsystem_notify.dylib
0x00000000091d6000 	/usr/lib/system/libsystem_platform.dylib
0x00000000091d6000 	/usr/lib/system/libsystem_pthread.dylib
0x00000000091d6000 	/usr/lib/system/libsystem_sandbox.dylib
0x00000000091d6000 	/usr/lib/system/libsystem_stats.dylib
0x00000000091d6000 	/usr/lib/system/libunc.dylib
0x00000000091d6000 	/usr/lib/system/libunwind.dylib
0x00000000091d6000 	/usr/lib/system/libxpc.dylib
0x00000000091d6000 	/usr/lib/libbsm.0.dylib
0x00000000091d6000 	/usr/lib/libsqlite3.dylib
0x00000000091d6000 	/usr/lib/libxar.1.dylib
0x00000000091d6000 	/usr/lib/libpam.2.dylib
0x00000000091d6000 	/usr/lib/libOpenScriptingUtil.dylib
0x00000000091d6000 	/usr/lib/libbz2.1.0.dylib
0x00000000091d6000 	/System/Library/Frameworks/CoreServices.framework/Versions/A/Frameworks/CarbonCore.framework/Versions/A/CarbonCore
0x00000000091d6000 	/System/Library/Frameworks/CoreServices.framework/Versions/A/Frameworks/Metadata.framework/Versions/A/Metadata
0x00000000091d6000 	/System/Library/Frameworks/CoreServices.framework/Versions/A/Frameworks/OSServices.framework/Versions/A/OSServices
0x00000000091d6000 	/System/Library/Frameworks/CoreServices.framework/Versions/A/Frameworks/SearchKit.framework/Versions/A/SearchKit
0x00000000091d6000 	/System/Library/Frameworks/CoreServices.framework/Versions/A/Frameworks/AE.framework/Versions/A/AE
0x00000000091d6000 	/System/Library/Frameworks/CoreServices.framework/Versions/A/Frameworks/LaunchServices.framework/Versions/A/LaunchServices
0x00000000091d6000 	/System/Library/Frameworks/CoreServices.framework/Versions/A/Frameworks/DictionaryServices.framework/Versions/A/DictionaryServices
0x00000000091d6000 	/System/Library/Frameworks/NetFS.framework/Versions/A/NetFS
0x00000000091d6000 	/usr/lib/system/libkxld.dylib
0x00000000091d6000 	/System/Library/PrivateFrameworks/NetAuth.framework/Versions/A/NetAuth
0x00000000091d6000 	/System/Library/PrivateFrameworks/TCC.framework/Versions/A/TCC
0x00000000091d6000 	/System/Library/Frameworks/OpenDirectory.framework/Versions/A/Frameworks/CFOpenDirectory.framework/Versions/A/CFOpenDirectory
0x00000000091d6000 	/System/Library/Frameworks/ServiceManagement.framework/Versions/A/ServiceManagement
0x00000000091d6000 	/usr/lib/libxslt.1.dylib
0x00000000091d6000 	/System/Library/Frameworks/Carbon.framework/Versions/A/Frameworks/Ink.framework/Versions/A/Ink
0x00000000091d6000 	/System/Library/Frameworks/ApplicationServices.framework/Versions/A/Frameworks/ATS.framework/Versions/A/ATS
0x00000000091d6000 	/System/Library/Frameworks/ApplicationServices.framework/Versions/A/Frameworks/ColorSync.framework/Versions/A/ColorSync
0x00000000091d6000 	/System/Library/Frameworks/ApplicationServices.framework/Versions/A/Frameworks/HIServices.framework/Versions/A/HIServices
0x00000000091d6000 	/System/Library/Frameworks/ApplicationServices.framework/Versions/A/Frameworks/LangAnalysis.framework/Versions/A/LangAnalysis
0x00000000091d6000 	/System/Library/Frameworks/ApplicationServices.framework/Versions/A/Frameworks/PrintCore.framework/Versions/A/PrintCore
0x00000000091d6000 	/System/Library/Frameworks/ApplicationServices.framework/Versions/A/Frameworks/QD.framework/Versions/A/QD
0x00000000091d6000 	/System/Library/Frameworks/ApplicationServices.framework/Versions/A/Frameworks/SpeechSynthesis.framework/Versions/A/SpeechSynthesis
0x00000000091d6000 	/System/Library/Frameworks/IOSurface.framework/Versions/A/IOSurface
0x00000000091d6000 	/System/Library/Frameworks/Accelerate.framework/Versions/A/Accelerate
0x00000000091d6000 	/System/Library/Frameworks/Accelerate.framework/Versions/A/Frameworks/vImage.framework/Versions/A/vImage
0x00000000091d6000 	/System/Library/Frameworks/Accelerate.framework/Versions/A/Frameworks/vecLib.framework/Versions/A/vecLib
0x00000000091d6000 	/System/Library/Frameworks/Accelerate.framework/Versions/A/Frameworks/vecLib.framework/Versions/A/libvDSP.dylib
0x00000000091d6000 	/System/Library/Frameworks/Accelerate.framework/Versions/A/Frameworks/vecLib.framework/Versions/A/libvMisc.dylib
0x00000000091d6000 	/System/Library/Frameworks/Accelerate.framework/Versions/A/Frameworks/vecLib.framework/Versions/A/libLAPACK.dylib
0x00000000091d6000 	/System/Library/Frameworks/Accelerate.framework/Versions/A/Frameworks/vecLib.framework/Versions/A/libBLAS.dylib
0x00000000091d6000 	/System/Library/Frameworks/ApplicationServices.framework/Versions/A/Frameworks/ATS.framework/Versions/A/Resources/libFontParser.dylib
0x00000000091d6000 	/System/Library/Frameworks/ApplicationServices.framework/Versions/A/Frameworks/ATS.framework/Versions/A/Resources/libFontRegistry.dylib
0x00000000091d6000 	/System/Library/Frameworks/ImageIO.framework/Versions/A/Resources/libJPEG.dylib
0x00000000091d6000 	/System/Library/Frameworks/ImageIO.framework/Versions/A/Resources/libTIFF.dylib
0x00000000091d6000 	/System/Library/Frameworks/ImageIO.framework/Versions/A/Resources/libPng.dylib
0x00000000091d6000 	/System/Library/Frameworks/ImageIO.framework/Versions/A/Resources/libGIF.dylib
0x00000000091d6000 	/System/Library/Frameworks/ImageIO.framework/Versions/A/Resources/libJP2.dylib
0x00000000091d6000 	/System/Library/Frameworks/ImageIO.framework/Versions/A/Resources/libRadiance.dylib
0x00000000091d6000 	/usr/lib/libcups.2.dylib
0x00000000091d6000 	/System/Library/Frameworks/Kerberos.framework/Versions/A/Kerberos
0x00000000091d6000 	/System/Library/Frameworks/GSS.framework/Versions/A/GSS
0x00000000091d6000 	/usr/lib/libresolv.9.dylib
0x00000000091d6000 	/usr/lib/libiconv.2.dylib
0x00000000091d6000 	/System/Library/PrivateFrameworks/Heimdal.framework/Versions/A/Heimdal
0x00000000091d6000 	/System/Library/PrivateFrameworks/TrustEvaluationAgent.framework/Versions/A/TrustEvaluationAgent
0x00000000091d6000 	/usr/lib/libheimdal-asn1.dylib
0x00000000091d6000 	/System/Library/Frameworks/OpenDirectory.framework/Versions/A/OpenDirectory
0x00000000091d6000 	/System/Library/PrivateFrameworks/CommonAuth.framework/Versions/A/CommonAuth
0x00000000091d6000 	/System/Library/Frameworks/SecurityFoundation.framework/Versions/A/SecurityFoundation
0x00000000091d6000 	/System/Library/PrivateFrameworks/Bom.framework/Versions/A/Bom
0x00000000091d6000 	/System/Library/Frameworks/CoreVideo.framework/Versions/A/CoreVideo
0x00000000091d6000 	/System/Library/Frameworks/QuartzCore.framework/Versions/A/Frameworks/CoreImage.framework/Versions/A/CoreImage
0x00000000091d6000 	/System/Library/Frameworks/QuartzCore.framework/Versions/A/Frameworks/ScalableUserInterface.framework/Versions/A/ScalableUserInterface
0x00000000091d6000 	/System/Library/Frameworks/OpenGL.framework/Versions/A/Libraries/libGLU.dylib
0x00000000091d6000 	/System/Library/Frameworks/OpenGL.framework/Versions/A/Libraries/libGFXShared.dylib
0x00000000091d6000 	/System/Library/Frameworks/OpenGL.framework/Versions/A/Libraries/libGL.dylib
0x00000000091d6000 	/System/Library/Frameworks/OpenGL.framework/Versions/A/Libraries/libGLImage.dylib
0x00000000091d6000 	/System/Library/Frameworks/OpenGL.framework/Versions/A/Libraries/libCVMSPluginSupport.dylib
0x00000000091d6000 	/System/Library/Frameworks/OpenGL.framework/Versions/A/Libraries/libCoreVMClient.dylib
0x00000000091d6000 	/System/Library/PrivateFrameworks/FaceCore.framework/Versions/A/FaceCore
0x00000000091d6000 	/System/Library/PrivateFrameworks/CrashReporterSupport.framework/Versions/A/CrashReporterSupport
0x00000000091d6000 	/System/Library/Frameworks/OpenCL.framework/Versions/A/OpenCL
0x00000000091d6000 	/System/Library/PrivateFrameworks/AppleFSCompression.framework/Versions/A/AppleFSCompression
0x00000000091d6000 	/System/Library/PrivateFrameworks/Ubiquity.framework/Versions/A/Ubiquity
0x00000000091d6000 	/System/Library/PrivateFrameworks/IconServices.framework/Versions/A/IconServices
0x00000000091d6000 	/System/Library/PrivateFrameworks/ChunkingLibrary.framework/Versions/A/ChunkingLibrary
0x00000000091d6000 	/System/Library/PrivateFrameworks/CoreSymbolication.framework/Versions/A/CoreSymbolication
0x00000000091d6000 	/System/Library/PrivateFrameworks/Symbolication.framework/Versions/A/Symbolication
0x00000000091d6000 	/System/Library/PrivateFrameworks/DebugSymbols.framework/Versions/A/DebugSymbols
0x0000000103e00000 	/Library/Java/JavaVirtualMachines/jdk1.7.0_51.jdk/Contents/Home/jre/lib/server/libjvm.dylib
0x00000000091d6000 	/usr/lib/libstdc++.6.dylib
0x0000000103534000 	/Library/Java/JavaVirtualMachines/jdk1.7.0_51.jdk/Contents/Home/jre/lib/libverify.dylib
0x0000000103541000 	/Library/Java/JavaVirtualMachines/jdk1.7.0_51.jdk/Contents/Home/jre/lib/libjava.dylib
0x0000000103572000 	/Library/Java/JavaVirtualMachines/jdk1.7.0_51.jdk/Contents/Home/jre/lib/libjdwp.dylib
0x00000001035af000 	/Library/Java/JavaVirtualMachines/jdk1.7.0_51.jdk/Contents/Home/jre/lib/libnpt.dylib
0x00000001035bc000 	/Library/Java/JavaVirtualMachines/jdk1.7.0_51.jdk/Contents/Home/jre/lib/libzip.dylib
0x000000010e096000 	/System/Library/Frameworks/JavaVM.framework/Frameworks/JavaRuntimeSupport.framework/JavaRuntimeSupport
0x000000010e0ae000 	/System/Library/Frameworks/JavaVM.framework/Versions/A/Frameworks/JavaNativeFoundation.framework/Versions/A/JavaNativeFoundation
0x00000001035ef000 	/System/Library/Frameworks/JavaVM.framework/Versions/A/JavaVM
0x00000000091d6000 	/System/Library/Frameworks/Carbon.framework/Versions/A/Carbon
0x000000010e0c3000 	/System/Library/PrivateFrameworks/JavaLaunching.framework/Versions/A/JavaLaunching
0x00000000091d6000 	/System/Library/Frameworks/Carbon.framework/Versions/A/Frameworks/CommonPanels.framework/Versions/A/CommonPanels
0x00000000091d6000 	/System/Library/Frameworks/Carbon.framework/Versions/A/Frameworks/Help.framework/Versions/A/Help
0x00000000091d6000 	/System/Library/Frameworks/Carbon.framework/Versions/A/Frameworks/ImageCapture.framework/Versions/A/ImageCapture
0x00000000091d6000 	/System/Library/Frameworks/Carbon.framework/Versions/A/Frameworks/OpenScripting.framework/Versions/A/OpenScripting
0x00000000091d6000 	/System/Library/Frameworks/Carbon.framework/Versions/A/Frameworks/Print.framework/Versions/A/Print
0x00000000091d6000 	/System/Library/Frameworks/Carbon.framework/Versions/A/Frameworks/SecurityHI.framework/Versions/A/SecurityHI
0x000000010e2d8000 	/Library/Java/JavaVirtualMachines/jdk1.7.0_51.jdk/Contents/Home/jre/lib/libdt_socket.dylib
0x000000010ea3d000 	/Library/Java/JavaVirtualMachines/jdk1.7.0_51.jdk/Contents/Home/jre/lib/libawt.dylib
0x000000010eaec000 	/Library/Java/JavaVirtualMachines/jdk1.7.0_51.jdk/Contents/Home/jre/lib/./libmlib_image.dylib
0x000000010ebb8000 	/Library/Java/JavaVirtualMachines/jdk1.7.0_51.jdk/Contents/Home/jre/lib/lwawt/liblwawt.dylib
0x000000010ec6c000 	/Library/Java/JavaVirtualMachines/jdk1.7.0_51.jdk/Contents/Home/jre/lib/libosxapp.dylib
0x00000000091d6000 	/System/Library/Frameworks/ExceptionHandling.framework/Versions/A/ExceptionHandling
0x00000000091d6000 	/System/Library/PrivateFrameworks/CoreServicesInternal.framework/Versions/A/CoreServicesInternal
0x00000000091d6000 	/System/Library/PrivateFrameworks/Librarian.framework/Versions/A/Librarian
0x00000000091d6000 	/System/Library/Frameworks/CoreGraphics.framework/Versions/A/Resources/libCGCMS.A.dylib
0x00000000091d6000 	/System/Library/Frameworks/CoreGraphics.framework/Versions/A/Resources/libRIP.A.dylib
0x00000000091d6000 	/System/Library/Frameworks/CoreGraphics.framework/Versions/A/Resources/libCGXType.A.dylib
0x00000000091d6000 	/System/Library/PrivateFrameworks/FamilyControls.framework/Versions/A/FamilyControls
0x00000000091d6000 	/System/Library/PrivateFrameworks/CommerceKit.framework/Versions/A/Frameworks/CommerceCore.framework/Versions/A/CommerceCore
0x00000000091d6000 	/System/Library/PrivateFrameworks/SystemAdministration.framework/Versions/A/SystemAdministration
0x00000000091d6000 	/System/Library/Frameworks/DirectoryService.framework/Versions/A/DirectoryService
0x00000000091d6000 	/System/Library/PrivateFrameworks/DiskImages.framework/Versions/A/DiskImages
0x00000000091d6000 	/System/Library/PrivateFrameworks/LoginUIKit.framework/Versions/A/Frameworks/LoginUICore.framework/Versions/A/LoginUICore
0x00000000091d6000 	/usr/lib/libCoreStorage.dylib
0x00000000091d6000 	/usr/lib/libcsfde.dylib
0x00000000091d6000 	/usr/lib/libodfde.dylib
0x00000000091d6000 	/System/Library/Frameworks/DiscRecording.framework/Versions/A/DiscRecording
0x00000000091d6000 	/usr/lib/libcurl.4.dylib
0x00000000091d6000 	/System/Library/PrivateFrameworks/MediaKit.framework/Versions/A/MediaKit
0x00000000091d6000 	/System/Library/PrivateFrameworks/EFILogin.framework/Versions/A/EFILogin
0x00000000091d6000 	/usr/lib/libutil.dylib
0x00000000091d6000 	/System/Library/PrivateFrameworks/AOSNotification.framework/Versions/A/AOSNotification
0x00000000091d6000 	/System/Library/Frameworks/LDAP.framework/Versions/A/LDAP
0x00000000091d6000 	/usr/lib/libsasl2.2.dylib
0x00000000091d6000 	/usr/lib/libcrypto.0.9.8.dylib
0x00000000091d6000 	/usr/lib/libssl.0.9.8.dylib
0x0000000112d00000 	/Library/Java/JavaVirtualMachines/jdk1.7.0_51.jdk/Contents/Home/jre/lib/libfontmanager.dylib
0x00000000091d6000 	/System/Library/Frameworks/OpenGL.framework/Versions/A/Resources/GLEngine.bundle/GLEngine
0x00000000091d6000 	/System/Library/Frameworks/OpenGL.framework/Versions/A/Libraries/libGLProgrammability.dylib
0x0000000000000000 	/System/Library/Extensions/AppleIntelHD5000GraphicsGLDriver.bundle/Contents/MacOS/AppleIntelHD5000GraphicsGLDriver
0x00000000091d6000 	/System/Library/PrivateFrameworks/IOAccelerator.framework/Versions/A/IOAccelerator
0x00000000091d6000 	/System/Library/PrivateFrameworks/GPUSupport.framework/Versions/A/Libraries/libGPUSupportMercury.dylib
0x00000000091d6000 	/System/Library/Frameworks/OpenGL.framework/Versions/A/Resources/GLRendererFloat.bundle/GLRendererFloat
0x00000000091d6000 	/System/Library/Frameworks/OpenCL.framework/Versions/A/Libraries/libcldcpuengine.dylib
0x00000001105c0000 	/Library/Java/JavaVirtualMachines/jdk1.7.0_51.jdk/Contents/Home/jre/lib/libosxui.dylib
0x0000000115e3f000 	/Library/Java/JavaVirtualMachines/jdk1.7.0_51.jdk/Contents/Home/jre/lib/libnet.dylib
0x0000000115e54000 	/Library/Java/JavaVirtualMachines/jdk1.7.0_51.jdk/Contents/Home/jre/lib/libnio.dylib
0x00000000091d6000 	/System/Library/PrivateFrameworks/Shortcut.framework/Versions/A/Shortcut
0x00000000091d6000 	/System/Library/PrivateFrameworks/HelpData.framework/Versions/A/HelpData
0x00000000091d6000 	/usr/lib/libtidy.A.dylib

VM Arguments:
jvm_args: -agentlib:jdwp=transport=dt_socket,suspend=y,address=localhost:61495 -Dfile.encoding=US-ASCII 
java_command: main.RecipeFinder
Launcher Type: SUN_STANDARD

Environment Variables:
PATH=/usr/bin:/bin:/usr/sbin:/sbin
SHELL=/bin/bash

Signal Handlers:
SIGSEGV: [libjvm.dylib+0x525425], sa_mask[0]=0xfffefeff, sa_flags=0x00000043
SIGBUS: [libjvm.dylib+0x525425], sa_mask[0]=0xfffefeff, sa_flags=0x00000042
SIGFPE: [libjvm.dylib+0x41892a], sa_mask[0]=0xfffefeff, sa_flags=0x00000042
SIGPIPE: [libjvm.dylib+0x41892a], sa_mask[0]=0xfffefeff, sa_flags=0x00000042
SIGXFSZ: [libjvm.dylib+0x41892a], sa_mask[0]=0xfffefeff, sa_flags=0x00000042
SIGILL: [libjvm.dylib+0x41892a], sa_mask[0]=0xfffefeff, sa_flags=0x00000042
SIGUSR1: SIG_DFL, sa_mask[0]=0x00000000, sa_flags=0x00000002
SIGUSR2: [libjvm.dylib+0x41841c], sa_mask[0]=0x00000004, sa_flags=0x00000042
SIGHUP: [libjvm.dylib+0x4166ab], sa_mask[0]=0xfffefeff, sa_flags=0x00000042
SIGINT: [libjvm.dylib+0x4166ab], sa_mask[0]=0xfffefeff, sa_flags=0x00000042
SIGTERM: [libjvm.dylib+0x4166ab], sa_mask[0]=0xfffefeff, sa_flags=0x00000042
SIGQUIT: [libjvm.dylib+0x4166ab], sa_mask[0]=0xfffefeff, sa_flags=0x00000042


---------------  S Y S T E M  ---------------

OS:Bsduname:Darwin 13.0.0 Darwin Kernel Version 13.0.0: Thu Sep 19 22:22:27 PDT 2013; root:xnu-2422.1.72~6/RELEASE_X86_64 x86_64
rlimit: STACK 8192k, CORE 0k, NPROC 709, NOFILE 10240, AS infinity
load average:2.74 2.20 2.16

CPU:total 4 (4 cores per cpu, 1 threads per core) family 6 model 70 stepping 1, cmov, cx8, fxsr, mmx, sse, sse2, sse3, ssse3, sse4.1, sse4.2, popcnt, avx, avx2, aes, erms, tsc, tscinvbit

Memory: 4k page, physical 8388608k(2097152k free)

/proc/meminfo:


vm_info: Java HotSpot(TM) 64-Bit Server VM (24.51-b03) for bsd-amd64 JRE (1.7.0_51-b13), built on Dec 18 2013 18:45:56 by "java_re" with gcc 4.2.1 (Based on Apple Inc. build 5658) (LLVM build 2336.11.00)

time: Fri Jan 31 19:02:23 2014
elapsed time: 830 seconds

